This is pdfTeX, Version 3.14159265-2.6-1.40.17 (TeX Live 2016) (preloaded format=pdflatex 2016.9.8)  14 MAR 2018 14:56
entering extended mode
 \write18 enabled.
 %&-line parsing enabled.
**diff_v1_v2.tex
(./diff_v1_v2.tex
LaTeX2e <2016/03/31>
Babel <3.9r> and hyphenation patterns for 83 language(s) loaded.
(./cernphprep.cls
Document Style 'cernphprep'. Version <1.06>, <11 Mar 2015>
Document Class: cernphprep 2014/01/10
(/usr/local/texlive/2016/texmf-dist/tex/latex/base/article.cls
Document Class: article 2014/09/29 v1.4h Standard LaTeX document class
(/usr/local/texlive/2016/texmf-dist/tex/latex/base/size11.clo
File: size11.clo 2014/09/29 v1.4h Standard LaTeX file (size option)
)
\c@part=\count79
\c@section=\count80
\c@subsection=\count81
\c@subsubsection=\count82
\c@paragraph=\count83
\c@subparagraph=\count84
\c@figure=\count85
\c@table=\count86
\abovecaptionskip=\skip41
\belowcaptionskip=\skip42
\bibindent=\dimen102
)
(/usr/local/texlive/2016/texmf-dist/tex/latex/psnfss/mathptmx.sty
Package: mathptmx 2005/04/12 PSNFSS-v9.2a Times w/ Math, improved (SPQR, WaS) 
LaTeX Font Info:    Redeclaring symbol font `operators' on input line 28.
LaTeX Font Info:    Overwriting symbol font `operators' in version `normal'
(Font)                  OT1/cmr/m/n --> OT1/ztmcm/m/n on input line 28.
LaTeX Font Info:    Overwriting symbol font `operators' in version `bold'
(Font)                  OT1/cmr/bx/n --> OT1/ztmcm/m/n on input line 28.
LaTeX Font Info:    Redeclaring symbol font `letters' on input line 29.
LaTeX Font Info:    Overwriting symbol font `letters' in version `normal'
(Font)                  OML/cmm/m/it --> OML/ztmcm/m/it on input line 29.
LaTeX Font Info:    Overwriting symbol font `letters' in version `bold'
(Font)                  OML/cmm/b/it --> OML/ztmcm/m/it on input line 29.
LaTeX Font Info:    Redeclaring symbol font `symbols' on input line 30.
LaTeX Font Info:    Overwriting symbol font `symbols' in version `normal'
(Font)                  OMS/cmsy/m/n --> OMS/ztmcm/m/n on input line 30.
LaTeX Font Info:    Overwriting symbol font `symbols' in version `bold'
(Font)                  OMS/cmsy/b/n --> OMS/ztmcm/m/n on input line 30.
LaTeX Font Info:    Redeclaring symbol font `largesymbols' on input line 31.
LaTeX Font Info:    Overwriting symbol font `largesymbols' in version `normal'
(Font)                  OMX/cmex/m/n --> OMX/ztmcm/m/n on input line 31.
LaTeX Font Info:    Overwriting symbol font `largesymbols' in version `bold'
(Font)                  OMX/cmex/m/n --> OMX/ztmcm/m/n on input line 31.
\symbold=\mathgroup4
\symitalic=\mathgroup5
LaTeX Font Info:    Redeclaring math alphabet \mathbf on input line 34.
LaTeX Font Info:    Overwriting math alphabet `\mathbf' in version `normal'
(Font)                  OT1/cmr/bx/n --> OT1/ptm/bx/n on input line 34.
LaTeX Font Info:    Overwriting math alphabet `\mathbf' in version `bold'
(Font)                  OT1/cmr/bx/n --> OT1/ptm/bx/n on input line 34.
LaTeX Font Info:    Redeclaring math alphabet \mathit on input line 35.
LaTeX Font Info:    Overwriting math alphabet `\mathit' in version `normal'
(Font)                  OT1/cmr/m/it --> OT1/ptm/m/it on input line 35.
LaTeX Font Info:    Overwriting math alphabet `\mathit' in version `bold'
(Font)                  OT1/cmr/bx/it --> OT1/ptm/m/it on input line 35.
LaTeX Info: Redefining \hbar on input line 50.
)
(/usr/local/texlive/2016/texmf-dist/tex/latex/graphics/graphicx.sty
Package: graphicx 2014/10/28 v1.0g Enhanced LaTeX Graphics (DPC,SPQR)

(/usr/local/texlive/2016/texmf-dist/tex/latex/graphics/keyval.sty
Package: keyval 2014/10/28 v1.15 key=value parser (DPC)
\KV@toks@=\toks14
)
(/usr/local/texlive/2016/texmf-dist/tex/latex/graphics/graphics.sty
Package: graphics 2016/05/09 v1.0r Standard LaTeX Graphics (DPC,SPQR)

(/usr/local/texlive/2016/texmf-dist/tex/latex/graphics/trig.sty
Package: trig 2016/01/03 v1.10 sin cos tan (DPC)
)
(/usr/local/texlive/2016/texmf-dist/tex/latex/graphics-cfg/graphics.cfg
File: graphics.cfg 2016/01/02 v1.10 sample graphics configuration
)
Package graphics Info: Driver file: pdftex.def on input line 96.

(/usr/local/texlive/2016/texmf-dist/tex/latex/pdftex-def/pdftex.def
File: pdftex.def 2011/05/27 v0.06d Graphics/color for pdfTeX

(/usr/local/texlive/2016/texmf-dist/tex/generic/oberdiek/infwarerr.sty
Package: infwarerr 2016/05/16 v1.4 Providing info/warning/error messages (HO)
)
(/usr/local/texlive/2016/texmf-dist/tex/generic/oberdiek/ltxcmds.sty
Package: ltxcmds 2016/05/16 v1.23 LaTeX kernel commands for general use (HO)
)
\Gread@gobject=\count87
))
\Gin@req@height=\dimen103
\Gin@req@width=\dimen104
)
(/usr/local/texlive/2016/texmf-dist/tex/latex/amsmath/amsmath.sty
Package: amsmath 2016/03/10 v2.15b AMS math features
\@mathmargin=\skip43

For additional information on amsmath, use the `?' option.
(/usr/local/texlive/2016/texmf-dist/tex/latex/amsmath/amstext.sty
Package: amstext 2000/06/29 v2.01 AMS text

(/usr/local/texlive/2016/texmf-dist/tex/latex/amsmath/amsgen.sty
File: amsgen.sty 1999/11/30 v2.0 generic functions
\@emptytoks=\toks15
\ex@=\dimen105
))
(/usr/local/texlive/2016/texmf-dist/tex/latex/amsmath/amsbsy.sty
Package: amsbsy 1999/11/29 v1.2d Bold Symbols
\pmbraise@=\dimen106
)
(/usr/local/texlive/2016/texmf-dist/tex/latex/amsmath/amsopn.sty
Package: amsopn 2016/03/08 v2.02 operator names
)
\inf@bad=\count88
LaTeX Info: Redefining \frac on input line 199.
\uproot@=\count89
\leftroot@=\count90
LaTeX Info: Redefining \overline on input line 297.
\classnum@=\count91
\DOTSCASE@=\count92
LaTeX Info: Redefining \ldots on input line 394.
LaTeX Info: Redefining \dots on input line 397.
LaTeX Info: Redefining \cdots on input line 518.
\Mathstrutbox@=\box26
\strutbox@=\box27
\big@size=\dimen107
LaTeX Font Info:    Redeclaring font encoding OML on input line 634.
LaTeX Font Info:    Redeclaring font encoding OMS on input line 635.
\macc@depth=\count93
\c@MaxMatrixCols=\count94
\dotsspace@=\muskip10
\c@parentequation=\count95
\dspbrk@lvl=\count96
\tag@help=\toks16
\row@=\count97
\column@=\count98
\maxfields@=\count99
\andhelp@=\toks17
\eqnshift@=\dimen108
\alignsep@=\dimen109
\tagshift@=\dimen110
\tagwidth@=\dimen111
\totwidth@=\dimen112
\lineht@=\dimen113
\@envbody=\toks18
\multlinegap=\skip44
\multlinetaggap=\skip45
\mathdisplay@stack=\toks19
LaTeX Info: Redefining \[ on input line 2739.
LaTeX Info: Redefining \] on input line 2740.
)
(/usr/local/texlive/2016/texmf-dist/tex/latex/amsfonts/amssymb.sty
Package: amssymb 2013/01/14 v3.01 AMS font symbols

(/usr/local/texlive/2016/texmf-dist/tex/latex/amsfonts/amsfonts.sty
Package: amsfonts 2013/01/14 v3.01 Basic AMSFonts support
\symAMSa=\mathgroup6
\symAMSb=\mathgroup7
LaTeX Font Info:    Overwriting math alphabet `\mathfrak' in version `bold'
(Font)                  U/euf/m/n --> U/euf/b/n on input line 106.
))
(/usr/local/texlive/2016/texmf-dist/tex/latex/tools/array.sty
Package: array 2014/10/28 v2.4c Tabular extension package (FMi)
\col@sep=\dimen114
\extrarowheight=\dimen115
\NC@list=\toks20
\extratabsurround=\skip46
\backup@length=\skip47
)
(/usr/local/texlive/2016/texmf-dist/tex/latex/tools/tabularx.sty
Package: tabularx 2016/02/03 v2.11 `tabularx' package (DPC)
\TX@col@width=\dimen116
\TX@old@table=\dimen117
\TX@old@col=\dimen118
\TX@target=\dimen119
\TX@delta=\dimen120
\TX@cols=\count100
\TX@ftn=\toks21
)
(/usr/local/texlive/2016/texmf-dist/tex/latex/url/url.sty
\Urlmuskip=\muskip11
Package: url 2013/09/16  ver 3.4  Verb mode for urls, etc.
)
(/usr/local/texlive/2016/texmf-dist/tex/latex/tools/xspace.sty
Package: xspace 2014/10/28 v1.13 Space after command names (DPC,MH)
)
(./subfigure.sty
Package: subfigure 2002/03/15 v2.1.5 subfigure package
\subfigtopskip=\skip48
\subfigcapskip=\skip49
\subfigcaptopadj=\dimen121
\subfigbottomskip=\skip50
\subfigcapmargin=\dimen122
\subfiglabelskip=\skip51
\c@subfigure=\count101
\c@lofdepth=\count102
\c@subtable=\count103
\c@lotdepth=\count104

****************************************
* Local config file subfigure.cfg used *
****************************************
(/usr/local/texlive/2016/texmf-dist/tex/latex/subfigure/subfigure.cfg)
\subfig@top=\skip52
\subfig@bottom=\skip53
)
(/usr/local/texlive/2016/texmf-dist/tex/latex/base/ifthen.sty
Package: ifthen 2014/09/29 v1.1c Standard LaTeX ifthen package (DPC)
)
Document Class "cernphprep" 1.04 (6 June 2010)
\c@instfoot=\count105
(./truncate.sty
Package: truncate 2001/08/20  ver 3.6
\@Trunc@RestHyph=\toks22
)
(/usr/local/texlive/2016/texmf-dist/tex/latex/fancyhdr/fancyhdr.sty
\fancy@headwidth=\skip54
\f@ncyO@elh=\skip55
\f@ncyO@erh=\skip56
\f@ncyO@olh=\skip57
\f@ncyO@orh=\skip58
\f@ncyO@elf=\skip59
\f@ncyO@erf=\skip60
\f@ncyO@olf=\skip61
\f@ncyO@orf=\skip62
))
(/usr/local/texlive/2016/texmf-dist/tex/latex/natbib/natbib.sty
Package: natbib 2010/09/13 8.31b (PWD, AO)
\bibhang=\skip63
\bibsep=\skip64
LaTeX Info: Redefining \cite on input line 694.
\c@NAT@ctr=\count106
)
(/usr/local/texlive/2016/texmf-dist/tex/latex/hyperref/hyperref.sty
Package: hyperref 2016/05/05 v6.83n Hypertext links for LaTeX

(/usr/local/texlive/2016/texmf-dist/tex/generic/oberdiek/hobsub-hyperref.sty
Package: hobsub-hyperref 2016/05/16 v1.14 Bundle oberdiek, subset hyperref (HO)


(/usr/local/texlive/2016/texmf-dist/tex/generic/oberdiek/hobsub-generic.sty
Package: hobsub-generic 2016/05/16 v1.14 Bundle oberdiek, subset generic (HO)
Package: hobsub 2016/05/16 v1.14 Construct package bundles (HO)
Package hobsub Info: Skipping package `infwarerr' (already loaded).
Package hobsub Info: Skipping package `ltxcmds' (already loaded).
Package: ifluatex 2016/05/16 v1.4 Provides the ifluatex switch (HO)
Package ifluatex Info: LuaTeX not detected.
Package: ifvtex 2016/05/16 v1.6 Detect VTeX and its facilities (HO)
Package ifvtex Info: VTeX not detected.
Package: intcalc 2016/05/16 v1.2 Expandable calculations with integers (HO)
Package: ifpdf 2016/05/14 v3.1 Provides the ifpdf switch
Package: etexcmds 2016/05/16 v1.6 Avoid name clashes with e-TeX commands (HO)
Package etexcmds Info: Could not find \expanded.
(etexcmds)             That can mean that you are not using pdfTeX 1.50 or
(etexcmds)             that some package has redefined \expanded.
(etexcmds)             In the latter case, load this package earlier.
Package: kvsetkeys 2016/05/16 v1.17 Key value parser (HO)
Package: kvdefinekeys 2016/05/16 v1.4 Define keys (HO)
Package: pdftexcmds 2016/05/10 v0.21 Utility functions of pdfTeX for LuaTeX (HO
)
Package pdftexcmds Info: LuaTeX not detected.
Package pdftexcmds Info: \pdf@primitive is available.
Package pdftexcmds Info: \pdf@ifprimitive is available.
Package pdftexcmds Info: \pdfdraftmode found.
Package: pdfescape 2016/05/16 v1.14 Implements pdfTeX's escape features (HO)
Package: bigintcalc 2016/05/16 v1.4 Expandable calculations on big integers (HO
)
Package: bitset 2016/05/16 v1.2 Handle bit-vector datatype (HO)
Package: uniquecounter 2016/05/16 v1.3 Provide unlimited unique counter (HO)
)
Package hobsub Info: Skipping package `hobsub' (already loaded).
Package: letltxmacro 2016/05/16 v1.5 Let assignment for LaTeX macros (HO)
Package: hopatch 2016/05/16 v1.3 Wrapper for package hooks (HO)
Package: xcolor-patch 2016/05/16 xcolor patch
Package: atveryend 2016/05/16 v1.9 Hooks at the very end of document (HO)
Package atveryend Info: \enddocument detected (standard20110627).
Package: atbegshi 2016/05/16 v1.17 At begin shipout hook (HO)
Package: refcount 2016/05/16 v3.5 Data extraction from label references (HO)
Package: hycolor 2016/05/16 v1.8 Color options for hyperref/bookmark (HO)
)
(/usr/local/texlive/2016/texmf-dist/tex/generic/ifxetex/ifxetex.sty
Package: ifxetex 2010/09/12 v0.6 Provides ifxetex conditional
)
(/usr/local/texlive/2016/texmf-dist/tex/latex/oberdiek/auxhook.sty
Package: auxhook 2016/05/16 v1.4 Hooks for auxiliary files (HO)
)
(/usr/local/texlive/2016/texmf-dist/tex/latex/oberdiek/kvoptions.sty
Package: kvoptions 2016/05/16 v3.12 Key value format for package options (HO)
)
\@linkdim=\dimen123
\Hy@linkcounter=\count107
\Hy@pagecounter=\count108

(/usr/local/texlive/2016/texmf-dist/tex/latex/hyperref/pd1enc.def
File: pd1enc.def 2016/05/05 v6.83n Hyperref: PDFDocEncoding definition (HO)
)
\Hy@SavedSpaceFactor=\count109

(/usr/local/texlive/2016/texmf-dist/tex/latex/latexconfig/hyperref.cfg
File: hyperref.cfg 2002/06/06 v1.2 hyperref configuration of TeXLive
)
Package hyperref Info: Hyper figures OFF on input line 4446.
Package hyperref Info: Link nesting OFF on input line 4451.
Package hyperref Info: Hyper index ON on input line 4454.
Package hyperref Info: Plain pages OFF on input line 4461.
Package hyperref Info: Backreferencing OFF on input line 4466.
Package hyperref Info: Implicit mode ON; LaTeX internals redefined.
Package hyperref Info: Bookmarks ON on input line 4691.
\c@Hy@tempcnt=\count110
LaTeX Info: Redefining \url on input line 5044.
\XeTeXLinkMargin=\dimen124
\Fld@menulength=\count111
\Field@Width=\dimen125
\Fld@charsize=\dimen126
Package hyperref Info: Hyper figures OFF on input line 6298.
Package hyperref Info: Link nesting OFF on input line 6303.
Package hyperref Info: Hyper index ON on input line 6306.
Package hyperref Info: backreferencing OFF on input line 6313.
Package hyperref Info: Link coloring OFF on input line 6318.
Package hyperref Info: Link coloring with OCG OFF on input line 6323.
Package hyperref Info: PDF/A mode OFF on input line 6328.
LaTeX Info: Redefining \ref on input line 6368.
LaTeX Info: Redefining \pageref on input line 6372.
\Hy@abspage=\count112
\c@Item=\count113
\c@Hfootnote=\count114
)

Package hyperref Message: Driver (autodetected): hpdftex.

(/usr/local/texlive/2016/texmf-dist/tex/latex/hyperref/hpdftex.def
File: hpdftex.def 2016/05/05 v6.83n Hyperref driver for pdfTeX
\Fld@listcount=\count115
\c@bookmark@seq@number=\count116

(/usr/local/texlive/2016/texmf-dist/tex/latex/oberdiek/rerunfilecheck.sty
Package: rerunfilecheck 2016/05/16 v1.8 Rerun checks for auxiliary files (HO)
Package uniquecounter Info: New unique counter `rerunfilecheck' on input line 2
82.
)
\Hy@SectionHShift=\skip65
)
(./lineno.sty
Package: lineno 2005/11/02 line numbers on paragraphs v4.41
\linenopenalty=\count117
\output=\toks23
\linenoprevgraf=\count118
\linenumbersep=\dimen127
\linenumberwidth=\dimen128
\c@linenumber=\count119
\c@pagewiselinenumber=\count120
\c@LN@truepage=\count121
\c@internallinenumber=\count122
\c@internallinenumbers=\count123
\quotelinenumbersep=\dimen129
\bframerule=\dimen130
\bframesep=\dimen131
\bframebox=\box28
LaTeX Info: Redefining \\ on input line 3056.
) (./multirow.sty
\bigstrutjot=\dimen132
)
(/usr/local/texlive/2016/texmf-dist/tex/latex/graphics/color.sty
Package: color 2016/05/09 v1.1c Standard LaTeX Color (DPC)

(/usr/local/texlive/2016/texmf-dist/tex/latex/graphics-cfg/color.cfg
File: color.cfg 2016/01/02 v1.6 sample color configuration
)
Package color Info: Driver file: pdftex.def on input line 144.
)
(/Users/in-kwonyoo/Library/texmf/tex/latex/rotating/rotating.sty
Package: rotating 2009/03/28 v2.16b rotated objects in LaTeX
\c@r@tfl@t=\count124
\rotFPtop=\skip66
\rotFPbot=\skip67
\rot@float@box=\box29
\rot@mess@toks=\toks24
)
(/usr/local/texlive/2016/texmf-dist/tex/latex/soul/soul.sty
Package: soul 2003/11/17 v2.4 letterspacing/underlining (mf)
\SOUL@word=\toks25
\SOUL@lasttoken=\toks26
\SOUL@cmds=\toks27
\SOUL@buffer=\toks28
\SOUL@token=\toks29
\SOUL@spaceskip=\skip68
\SOUL@ttwidth=\dimen133
\SOUL@uldp=\dimen134
\SOUL@ulht=\dimen135
)
(/usr/local/texlive/2016/texmf-dist/tex/latex/tools/bm.sty
Package: bm 2016/02/27 v1.2a Bold Symbol Support (DPC/FMi)
LaTeX Info: Redefining \bm on input line 208.
)
(/usr/local/texlive/2016/texmf-dist/tex/generic/ulem/ulem.sty
\UL@box=\box30
\UL@hyphenbox=\box31
\UL@skip=\skip69
\UL@hook=\toks30
\UL@height=\dimen136
\UL@pe=\count125
\UL@pixel=\dimen137
\ULC@box=\box32
Package: ulem 2012/05/18
\ULdepth=\dimen138
)
(./diff_v1_v2.aux)
\openout1 = `diff_v1_v2.aux'.

LaTeX Font Info:    Checking defaults for OML/cmm/m/it on input line 160.
LaTeX Font Info:    ... okay on input line 160.
LaTeX Font Info:    Checking defaults for T1/cmr/m/n on input line 160.
LaTeX Font Info:    ... okay on input line 160.
LaTeX Font Info:    Checking defaults for OT1/cmr/m/n on input line 160.
LaTeX Font Info:    ... okay on input line 160.
LaTeX Font Info:    Checking defaults for OMS/cmsy/m/n on input line 160.
LaTeX Font Info:    ... okay on input line 160.
LaTeX Font Info:    Checking defaults for OMX/cmex/m/n on input line 160.
LaTeX Font Info:    ... okay on input line 160.
LaTeX Font Info:    Checking defaults for U/cmr/m/n on input line 160.
LaTeX Font Info:    ... okay on input line 160.
LaTeX Font Info:    Checking defaults for PD1/pdf/m/n on input line 160.
LaTeX Font Info:    ... okay on input line 160.
LaTeX Font Info:    Try loading font information for OT1+ptm on input line 160.


(/usr/local/texlive/2016/texmf-dist/tex/latex/psnfss/ot1ptm.fd
File: ot1ptm.fd 2001/06/04 font definitions for OT1/ptm.
)
(/usr/local/texlive/2016/texmf-dist/tex/context/base/mkii/supp-pdf.mkii
[Loading MPS to PDF converter (version 2006.09.02).]
\scratchcounter=\count126
\scratchdimen=\dimen139
\scratchbox=\box33
\nofMPsegments=\count127
\nofMParguments=\count128
\everyMPshowfont=\toks31
\MPscratchCnt=\count129
\MPscratchDim=\dimen140
\MPnumerator=\count130
\makeMPintoPDFobject=\count131
\everyMPtoPDFconversion=\toks32
) (/usr/local/texlive/2016/texmf-dist/tex/latex/oberdiek/epstopdf-base.sty
Package: epstopdf-base 2016/05/15 v2.6 Base part for package epstopdf

(/usr/local/texlive/2016/texmf-dist/tex/latex/oberdiek/grfext.sty
Package: grfext 2016/05/16 v1.2 Manage graphics extensions (HO)
)
Package grfext Info: Graphics extension search list:
(grfext)             [.png,.pdf,.jpg,.mps,.jpeg,.jbig2,.jb2,.PNG,.PDF,.JPG,.JPE
G,.JBIG2,.JB2,.eps]
(grfext)             \AppendGraphicsExtensions on input line 456.

(/usr/local/texlive/2016/texmf-dist/tex/latex/latexconfig/epstopdf-sys.cfg
File: epstopdf-sys.cfg 2010/07/13 v1.3 Configuration of (r)epstopdf for TeX Liv
e
))
\AtBeginShipoutBox=\box34
Package hyperref Info: Link coloring OFF on input line 160.

(/usr/local/texlive/2016/texmf-dist/tex/latex/hyperref/nameref.sty
Package: nameref 2012/10/27 v2.43 Cross-referencing by name of section

(/usr/local/texlive/2016/texmf-dist/tex/generic/oberdiek/gettitlestring.sty
Package: gettitlestring 2016/05/16 v1.5 Cleanup title references (HO)
)
\c@section@level=\count132
)
LaTeX Info: Redefining \ref on input line 160.
LaTeX Info: Redefining \pageref on input line 160.
LaTeX Info: Redefining \nameref on input line 160.

(./diff_v1_v2.out) (./diff_v1_v2.out)
\@outlinefile=\write3
\openout3 = `diff_v1_v2.out'.

Package epstopdf Info: Source file: <alicelogo.eps>
(epstopdf)                    date: 2017-04-26 21:04:27
(epstopdf)                    size: 105839 bytes
(epstopdf)             Output file: <alicelogo-eps-converted-to.pdf>
(epstopdf)                    date: 2018-02-26 19:12:57
(epstopdf)                    size: 12431 bytes
(epstopdf)             Command: <epstopdf --outfile=alicelogo-eps-converted-to.
pdf alicelogo.eps>
(epstopdf)             \includegraphics on input line 172.
Package epstopdf Info: Output file is already uptodate.

<alicelogo-eps-converted-to.pdf, id=48, 116.435pt x 142.5325pt>
File: alicelogo-eps-converted-to.pdf Graphic file (type pdf)

<use alicelogo-eps-converted-to.pdf>
Package pdftex.def Info: alicelogo-eps-converted-to.pdf used on input line 172.

(pdftex.def)             Requested size: 46.48611pt x 56.9055pt.

<cernlogo.pdf, id=49, 426.59375pt x 427.5975pt>
File: cernlogo.pdf Graphic file (type pdf)
 <use cernlogo.pdf>
Package pdftex.def Info: cernlogo.pdf used on input line 172.
(pdftex.def)             Requested size: 56.76749pt x 56.9055pt.
LaTeX Font Info:    Try loading font information for OMS+ptm on input line 172.


(/usr/local/texlive/2016/texmf-dist/tex/latex/psnfss/omsptm.fd
File: omsptm.fd 
)
LaTeX Font Info:    Font shape `OMS/ptm/m/n' in size <10.95> not available
(Font)              Font shape `OMS/cmsy/m/n' tried instead on input line 172.
LaTeX Font Info:    Font shape `OT1/ptm/bx/n' in size <14.4> not available
(Font)              Font shape `OT1/ptm/b/n' tried instead on input line 172.
LaTeX Font Info:    Try loading font information for OT1+ztmcm on input line 17
2.

(/usr/local/texlive/2016/texmf-dist/tex/latex/psnfss/ot1ztmcm.fd
File: ot1ztmcm.fd 2000/01/03 Fontinst v1.801 font definitions for OT1/ztmcm.
)
LaTeX Font Info:    Try loading font information for OML+ztmcm on input line 17
2.

(/usr/local/texlive/2016/texmf-dist/tex/latex/psnfss/omlztmcm.fd
File: omlztmcm.fd 2000/01/03 Fontinst v1.801 font definitions for OML/ztmcm.
)
LaTeX Font Info:    Try loading font information for OMS+ztmcm on input line 17
2.

(/usr/local/texlive/2016/texmf-dist/tex/latex/psnfss/omsztmcm.fd
File: omsztmcm.fd 2000/01/03 Fontinst v1.801 font definitions for OMS/ztmcm.
)
LaTeX Font Info:    Try loading font information for OMX+ztmcm on input line 17
2.

(/usr/local/texlive/2016/texmf-dist/tex/latex/psnfss/omxztmcm.fd
File: omxztmcm.fd 2000/01/03 Fontinst v1.801 font definitions for OMX/ztmcm.
)
LaTeX Font Info:    Font shape `OT1/ptm/bx/n' in size <10.95> not available
(Font)              Font shape `OT1/ptm/b/n' tried instead on input line 172.
LaTeX Font Info:    Font shape `OT1/ptm/bx/n' in size <8> not available
(Font)              Font shape `OT1/ptm/b/n' tried instead on input line 172.
LaTeX Font Info:    Font shape `OT1/ptm/bx/n' in size <6> not available
(Font)              Font shape `OT1/ptm/b/n' tried instead on input line 177.
LaTeX Font Info:    Font shape `OMS/ptm/m/n' in size <8> not available
(Font)              Font shape `OMS/cmsy/m/n' tried instead on input line 180.
LaTeX Font Info:    Font shape `OT1/ptm/bx/n' in size <9> not available
(Font)              Font shape `OT1/ptm/b/n' tried instead on input line 180.
LaTeX Font Info:    Font shape `OT1/ptm/bx/n' in size <7> not available
(Font)              Font shape `OT1/ptm/b/n' tried instead on input line 180.
LaTeX Font Info:    Font shape `OT1/ptm/bx/n' in size <5> not available
(Font)              Font shape `OT1/ptm/b/n' tried instead on input line 180.
LaTeX Font Info:    Font shape `OMS/ptm/m/n' in size <7> not available
(Font)              Font shape `OMS/cmsy/m/n' tried instead on input line 180.
LaTeX Font Info:    Font shape `OT1/ptm/bx/n' in size <10> not available
(Font)              Font shape `OT1/ptm/b/n' tried instead on input line 184.
LaTeX Font Info:    Font shape `OT1/ptm/bx/n' in size <7.4> not available
(Font)              Font shape `OT1/ptm/b/n' tried instead on input line 186.

Underfull \hbox (badness 10000) in paragraph at lines 186--200

 []

[1


{/usr/local/texlive/2016/texmf-var/fonts/map/pdftex/updmap/pdftex.map} <./alice
logo-eps-converted-to.pdf> <./cernlogo.pdf>]
LaTeX Font Info:    Font shape `OT1/ptm/bx/n' in size <12> not available
(Font)              Font shape `OT1/ptm/b/n' tried instead on input line 207.
 (./diff_v1_v2.toc)
\tf@toc=\write4
\openout4 = `diff_v1_v2.toc'.

 [2

]

Package natbib Warning: Citation `cite:lamda_model' on page 3 undefined on inpu
t line 228.


Package natbib Warning: Citation `cite:feed-down' on page 3 undefined on input 
line 231.

[3]
Overfull \hbox (1736.79051pt too wide) in paragraph at lines 305--315
[]|   []
 []

[4] [5]
Package epstopdf Info: Source file: <Figure/10jan18Minvbin3.eps>
(epstopdf)                    date: 2018-01-10 20:48:49
(epstopdf)                    size: 23113 bytes
(epstopdf)             Output file: <Figure/10jan18Minvbin3-eps-converted-to.pd
f>
(epstopdf)                    date: 2018-02-26 19:19:01
(epstopdf)                    size: 17419 bytes
(epstopdf)             Command: <epstopdf --outfile=Figure/10jan18Minvbin3-eps-
converted-to.pdf Figure/10jan18Minvbin3.eps>
(epstopdf)             \includegraphics on input line 417.
Package epstopdf Info: Output file is already uptodate.

<Figure/10jan18Minvbin3-eps-converted-to.pdf, id=178, 569.12625pt x 393.47pt>
File: Figure/10jan18Minvbin3-eps-converted-to.pdf Graphic file (type pdf)

<use Figure/10jan18Minvbin3-eps-converted-to.pdf>
Package pdftex.def Info: Figure/10jan18Minvbin3-eps-converted-to.pdf used on in
put line 417.
(pdftex.def)             Requested size: 256.0748pt x 177.04785pt.
Package epstopdf Info: Source file: <Figure/10jan18Minvbin8.eps>
(epstopdf)                    date: 2018-01-10 20:48:57
(epstopdf)                    size: 21270 bytes
(epstopdf)             Output file: <Figure/10jan18Minvbin8-eps-converted-to.pd
f>
(epstopdf)                    date: 2018-02-26 19:19:01
(epstopdf)                    size: 16517 bytes
(epstopdf)             Command: <epstopdf --outfile=Figure/10jan18Minvbin8-eps-
converted-to.pdf Figure/10jan18Minvbin8.eps>
(epstopdf)             \includegraphics on input line 418.
Package epstopdf Info: Output file is already uptodate.

<Figure/10jan18Minvbin8-eps-converted-to.pdf, id=179, 569.12625pt x 393.47pt>
File: Figure/10jan18Minvbin8-eps-converted-to.pdf Graphic file (type pdf)

<use Figure/10jan18Minvbin8-eps-converted-to.pdf>
Package pdftex.def Info: Figure/10jan18Minvbin8-eps-converted-to.pdf used on in
put line 418.
(pdftex.def)             Requested size: 256.0748pt x 177.04785pt.

Overfull \hbox (6.24155pt too wide) in paragraph at lines 417--423
[]|  [] |  [] 
 []


Overfull \hbox (131.58241pt too wide) in paragraph at lines 443--453
\OT1/ptm/m/n/10.95 structed and gen-er-ated $\OT1/ztmcm/m/n/10.95 ^^F[] $\OT1/p
tm/m/n/10.95 hyperons in the same $\OML/ztmcm/m/it/10.95 p[]$\OT1/ptm/m/n/10.95
 and ra-pid-ity in-ter-val[]|   []   [][]|   []   |   []
 []

Package epstopdf Info: Source file: <Figure/2017oct31-Sigma0-AccEffi.eps>
(epstopdf)                    date: 2017-10-31 18:21:00
(epstopdf)                    size: 11488 bytes
(epstopdf)             Output file: <Figure/2017oct31-Sigma0-AccEffi-eps-conver
ted-to.pdf>
(epstopdf)                    date: 2018-02-26 19:13:20
(epstopdf)                    size: 11124 bytes
(epstopdf)             Command: <epstopdf --outfile=Figure/2017oct31-Sigma0-Acc
Effi-eps-converted-to.pdf Figure/2017oct31-Sigma0-AccEffi.eps>
(epstopdf)             \includegraphics on input line 456.
Package epstopdf Info: Output file is already uptodate.

<Figure/2017oct31-Sigma0-AccEffi-eps-converted-to.pdf, id=185, 569.12625pt x 55
2.0625pt>
File: Figure/2017oct31-Sigma0-AccEffi-eps-converted-to.pdf Graphic file (type p
df)
 <use Figure/2017oct31-Sigma0-AccEffi-eps-converted-to.pdf>
Package pdftex.def Info: Figure/2017oct31-Sigma0-AccEffi-eps-converted-to.pdf u
sed on input line 456.
(pdftex.def)             Requested size: 284.52756pt x 276.0053pt.

Underfull \hbox (badness 2903) in paragraph at lines 463--463
[]\OT1/ptm/b/n/10 Fig. 2: []\OT1/ptm/m/n/10 The ge-o-met-ri-cal ac-cep-tance an
d the re-con-struc-tion ef-fi-ciency (A $\OMS/ztmcm/m/n/10 ^^B$ $\OML/ztmcm/m/i
t/10 ^^O$\OT1/ptm/m/n/10 ) mul-ti-plied by B.R.
 []


Underfull \hbox (badness 5578) in paragraph at lines 463--463
\OT1/ptm/m/n/10 for $\OT1/ztmcm/m/n/10 ^^F[]$ \OT1/ptm/m/n/10 in $\OMS/ztmcm/m/
n/10 j\OML/ztmcm/m/it/10 y\OMS/ztmcm/m/n/10 j \OML/ztmcm/m/it/10 <$ \OT1/ptm/m/
n/10 0.5 for MB events, ob-tained with PYTHIA6 Perugia-2011 event gen-er-a-tor 
[[]]
 []


Overfull \hbox (110.29971pt too wide) in paragraph at lines 463--463
[]|   [][][]|   [][]\OT1/ptm/m/n/10 .
 []


Overfull \hbox (120.61572pt too wide) in paragraph at lines 463--463
\OT1/ptm/m/n/10 Only sta-tis-ti-cal un-cer-tain-ties are shown.[]|   [][] 
 []

! Missing $ inserted.
<inserted text> 
                $
l.491 }
       \DIFdelend \DIFaddbegin \DIFadd{\red{The MB spectrum was normalized t...

? s
OK, entering \scrollmode...
! Missing $ inserted.
<inserted text> 
                $
l.491 }
       \DIFdelend \DIFaddbegin \DIFadd{\red{The MB spectrum was normalized t...
I've inserted something that you may have forgotten.
(See the <inserted text> above.)
With luck, this will get me unwedged. But if you
really didn't forget anything, try typing `2' now; then
my insertion and my current dilemma will both disappear.

! Missing $ inserted.
<inserted text> 
                $
l.491 }
       \DIFdelend \DIFaddbegin \DIFadd{\red{The MB spectrum was normalized t...
I've inserted a begin-math/end-math symbol since I think
you left one out. Proceed, with fingers crossed.

! Extra }, or forgotten $.
\frac  #1#2->{\begingroup #1\endgroup \@@over #2}
                                                 
l.491 }
       \DIFdelend \DIFaddbegin \DIFadd{\red{The MB spectrum was normalized t...
I've deleted a group-closing symbol because it seems to be
spurious, as in `$x}$'. But perhaps the } is legitimate and
you forgot something else, as in `\hbox{$x}'. In such cases
the way to recover is to insert both the forgotten and the
deleted material, e.g., by typing `I$}'.

! Missing $ inserted.
<inserted text> 
                $
l.491 }
       \DIFdelend \DIFaddbegin \DIFadd{\red{The MB spectrum was normalized t...
I've inserted something that you may have forgotten.
(See the <inserted text> above.)
With luck, this will get me unwedged. But if you
really didn't forget anything, try typing `2' now; then
my insertion and my current dilemma will both disappear.

! Missing } inserted.
<inserted text> 
                }
l.491 }
       \DIFdelend \DIFaddbegin \DIFadd{\red{The MB spectrum was normalized t...
I've inserted something that you may have forgotten.
(See the <inserted text> above.)
With luck, this will get me unwedged. But if you
really didn't forget anything, try typing `2' now; then
my insertion and my current dilemma will both disappear.

! Extra }, or forgotten \endgroup.
\UL@stop ...z@ \else \UL@putbox \fi \else \egroup 
                                                  \egroup \UL@putbox \fi \if...
l.491 }
       \DIFdelend \DIFaddbegin \DIFadd{\red{The MB spectrum was normalized t...
I've deleted a group-closing symbol because it seems to be
spurious, as in `$x}$'. But perhaps the } is legitimate and
you forgot something else, as in `\hbox{$x}'. In such cases
the way to recover is to insert both the forgotten and the
deleted material, e.g., by typing `I$}'.

! Extra }, or forgotten \endgroup.
\UL@stop ... \UL@putbox \fi \else \egroup \egroup 
                                                  \UL@putbox \fi \ifnum \UL@...
l.491 }
       \DIFdelend \DIFaddbegin \DIFadd{\red{The MB spectrum was normalized t...
I've deleted a group-closing symbol because it seems to be
spurious, as in `$x}$'. But perhaps the } is legitimate and
you forgot something else, as in `\hbox{$x}'. In such cases
the way to recover is to insert both the forgotten and the
deleted material, e.g., by typing `I$}'.

! Missing } inserted.
<inserted text> 
                }
l.491 }
       \DIFdelend \DIFaddbegin \DIFadd{\red{The MB spectrum was normalized t...
I've inserted something that you may have forgotten.
(See the <inserted text> above.)
With luck, this will get me unwedged. But if you
really didn't forget anything, try typing `2' now; then
my insertion and my current dilemma will both disappear.

! Missing } inserted.
<inserted text> 
                }
l.491 }
       \DIFdelend \DIFaddbegin \DIFadd{\red{The MB spectrum was normalized t...
I've inserted something that you may have forgotten.
(See the <inserted text> above.)
With luck, this will get me unwedged. But if you
really didn't forget anything, try typing `2' now; then
my insertion and my current dilemma will both disappear.

! Extra }, or forgotten \endgroup.
\UL@stop ...z@ \else \UL@putbox \fi \else \egroup 
                                                  \egroup \UL@putbox \fi \if...
l.508 }
       \DIFaddend
I've deleted a group-closing symbol because it seems to be
spurious, as in `$x}$'. But perhaps the } is legitimate and
you forgot something else, as in `\hbox{$x}'. In such cases
the way to recover is to insert both the forgotten and the
deleted material, e.g., by typing `I$}'.

! Extra }, or forgotten \endgroup.
\UL@stop ... \UL@putbox \fi \else \egroup \egroup 
                                                  \UL@putbox \fi \ifnum \UL@...
l.508 }
       \DIFaddend
I've deleted a group-closing symbol because it seems to be
spurious, as in `$x}$'. But perhaps the } is legitimate and
you forgot something else, as in `\hbox{$x}'. In such cases
the way to recover is to insert both the forgotten and the
deleted material, e.g., by typing `I$}'.

! Missing $ inserted.
<inserted text> 
                $
l.508 }
       \DIFaddend
I've inserted a begin-math/end-math symbol since I think
you left one out. Proceed, with fingers crossed.

! Missing $ inserted.
<inserted text> 
                $
l.508 }
       \DIFaddend
I've inserted something that you may have forgotten.
(See the <inserted text> above.)
With luck, this will get me unwedged. But if you
really didn't forget anything, try typing `2' now; then
my insertion and my current dilemma will both disappear.

! Missing $ inserted.
<inserted text> 
                $
l.508 }
       \DIFaddend
I've inserted a begin-math/end-math symbol since I think
you left one out. Proceed, with fingers crossed.

! Extra }, or forgotten $.
\frac  #1#2->{\begingroup #1\endgroup \@@over #2}
                                                 
l.508 }
       \DIFaddend
I've deleted a group-closing symbol because it seems to be
spurious, as in `$x}$'. But perhaps the } is legitimate and
you forgot something else, as in `\hbox{$x}'. In such cases
the way to recover is to insert both the forgotten and the
deleted material, e.g., by typing `I$}'.

! You can't use `\eqno' in math mode.
\endmathdisplay@a ...\df@tag \@empty \else \veqno 
                                                  \alt@tag \df@tag \fi \ifx ...
l.508 }
       \DIFaddend
Sorry, but I'm not programmed to handle this case;
I'll just pretend that you didn't ask for it.
If you're in the wrong mode, you might be able to
return to the right one by typing `I}' or `I$' or `I\par'.

! Missing $ inserted.
<inserted text> 
                $
l.508 }
       \DIFaddend
I've inserted something that you may have forgotten.
(See the <inserted text> above.)
With luck, this will get me unwedged. But if you
really didn't forget anything, try typing `2' now; then
my insertion and my current dilemma will both disappear.

! Missing } inserted.
<inserted text> 
                }
l.508 }
       \DIFaddend
I've inserted something that you may have forgotten.
(See the <inserted text> above.)
With luck, this will get me unwedged. But if you
really didn't forget anything, try typing `2' now; then
my insertion and my current dilemma will both disappear.

! Missing } inserted.
<inserted text> 
                }
l.508 }
       \DIFaddend
I've inserted something that you may have forgotten.
(See the <inserted text> above.)
With luck, this will get me unwedged. But if you
really didn't forget anything, try typing `2' now; then
my insertion and my current dilemma will both disappear.

! Missing } inserted.
<inserted text> 
                }
l.508 }
       \DIFaddend
I've inserted something that you may have forgotten.
(See the <inserted text> above.)
With luck, this will get me unwedged. But if you
really didn't forget anything, try typing `2' now; then
my insertion and my current dilemma will both disappear.

! Extra }, or forgotten \endgroup.
\UL@stop ...z@ \else \UL@putbox \fi \else \egroup 
                                                  \egroup \UL@putbox \fi \if...
l.508 }
       \DIFaddend
I've deleted a group-closing symbol because it seems to be
spurious, as in `$x}$'. But perhaps the } is legitimate and
you forgot something else, as in `\hbox{$x}'. In such cases
the way to recover is to insert both the forgotten and the
deleted material, e.g., by typing `I$}'.

! Extra }, or forgotten \endgroup.
\UL@stop ... \UL@putbox \fi \else \egroup \egroup 
                                                  \UL@putbox \fi \ifnum \UL@...
l.508 }
       \DIFaddend
I've deleted a group-closing symbol because it seems to be
spurious, as in `$x}$'. But perhaps the } is legitimate and
you forgot something else, as in `\hbox{$x}'. In such cases
the way to recover is to insert both the forgotten and the
deleted material, e.g., by typing `I$}'.

! Missing } inserted.
<inserted text> 
                }
l.508 }
       \DIFaddend
I've inserted something that you may have forgotten.
(See the <inserted text> above.)
With luck, this will get me unwedged. But if you
really didn't forget anything, try typing `2' now; then
my insertion and my current dilemma will both disappear.

! Missing } inserted.
<inserted text> 
                }
l.508 }
       \DIFaddend
I've inserted something that you may have forgotten.
(See the <inserted text> above.)
With luck, this will get me unwedged. But if you
really didn't forget anything, try typing `2' now; then
my insertion and my current dilemma will both disappear.


Overfull \hbox (3135.73131pt too wide) in paragraph at lines 491--509
[]|   []
 []


Overfull \hbox (3748.43188pt too wide) in paragraph at lines 491--509
[][]|   []
 []

[6 <./Figure/10jan18Minvbin3-eps-converted-to.pdf> <./Figure/10jan18Minvbin8-ep
s-converted-to.pdf>] [7 <./Figure/2017oct31-Sigma0-AccEffi-eps-converted-to.pdf
>]
Package epstopdf Info: Source file: <Figure/CM-6feb18-Data-LTfit-Pyt6-Pyt8.eps>

(epstopdf)                    date: 2018-02-07 18:08:45
(epstopdf)                    size: 29382 bytes
(epstopdf)             Output file: <Figure/CM-6feb18-Data-LTfit-Pyt6-Pyt8-eps-
converted-to.pdf>
(epstopdf)                    date: 2018-02-26 19:13:21
(epstopdf)                    size: 18681 bytes
(epstopdf)             Command: <epstopdf --outfile=Figure/CM-6feb18-Data-LTfit
-Pyt6-Pyt8-eps-converted-to.pdf Figure/CM-6feb18-Data-LTfit-Pyt6-Pyt8.eps>
(epstopdf)             \includegraphics on input line 601.
Package epstopdf Info: Output file is already uptodate.

<Figure/CM-6feb18-Data-LTfit-Pyt6-Pyt8-eps-converted-to.pdf, id=261, 569.12625p
t x 552.0625pt>
File: Figure/CM-6feb18-Data-LTfit-Pyt6-Pyt8-eps-converted-to.pdf Graphic file (
type pdf)

<use Figure/CM-6feb18-Data-LTfit-Pyt6-Pyt8-eps-converted-to.pdf>
Package pdftex.def Info: Figure/CM-6feb18-Data-LTfit-Pyt6-Pyt8-eps-converted-to
.pdf used on input line 601.
(pdftex.def)             Requested size: 227.62204pt x 220.7958pt.


LaTeX Warning: `!h' float specifier changed to `!ht'.


Overfull \hbox (263.66908pt too wide) in paragraph at lines 619--625
\OT1/ptm/m/n/10.95 where []|   []   |   []   |   []   |   []   |   []   |   [] 
  |   []   |   []   |   []   |   []   |   []   |   []   |   []   |   []   |   [
]
 []


LaTeX Warning: Reference `tab:systematic' on page 8 undefined on input line 634
.


Overfull \hbox (15.1261pt too wide) in paragraph at lines 626--635
[]\OT1/ptm/m/n/10.95 Finally, the in-te-grated yield at mid-rapidity for $\OT1/
ztmcm/m/n/10.95 ^^F[] $\OT1/ptm/m/n/10.95 of d$\OML/ztmcm/m/it/10.95 N$\OT1/ptm
/m/n/10.95 /d$\OML/ztmcm/m/it/10.95 y \OT1/ztmcm/m/n/10.95 = 0\OML/ztmcm/m/it/1
0.95 :\OT1/ztmcm/m/n/10.95 0256 \OMS/ztmcm/m/n/10.95 ^^F \OT1/ztmcm/m/n/10.95 0
\OML/ztmcm/m/it/10.95 :\OT1/ztmcm/m/n/10.95 0083[] = 0\OML/ztmcm/m/it/10.95 :\O
T1/ztmcm/m/n/10.95 0256 \OMS/ztmcm/m/n/10.95 ^^F \OT1/ztmcm/m/n/10.95 0\OML/ztm
cm/m/it/10.95 :\OT1/ztmcm/m/n/10.95 0038[] \OMS/ztmcm/m/n/10.95 ^^F
 []

[8]

Package hyperref Warning: Token not allowed in a PDF string (PDFDocEncoding):
(hyperref)                removing `\begingroup' on input line 658.


Package hyperref Warning: Token not allowed in a PDF string (PDFDocEncoding):
(hyperref)                removing `\Sigma' on input line 658.


Package hyperref Warning: Token not allowed in a PDF string (PDFDocEncoding):
(hyperref)                removing `superscript' on input line 658.


Package hyperref Warning: Token not allowed in a PDF string (PDFDocEncoding):
(hyperref)                removing `\endgroup' on input line 658.


Package hyperref Warning: Token not allowed in a PDF string (PDFDocEncoding):
(hyperref)                removing `\@@over' on input line 658.


Package hyperref Warning: Token not allowed in a PDF string (PDFDocEncoding):
(hyperref)                removing `\Lambda' on input line 658.


Package hyperref Warning: Token not allowed in a PDF string (PDFDocEncoding):
(hyperref)                \kern 3.04074pt
(hyperref)                removed on input line 658.


Underfull \hbox (badness 10000) in paragraph at lines 661--669

 []

[9 <./Figure/CM-6feb18-Data-LTfit-Pyt6-Pyt8-eps-converted-to.pdf>]
Package epstopdf Info: Source file: <Figure/ratio-Sigma0Lambda-7mar18.eps>
(epstopdf)                    date: 2018-03-07 22:26:47
(epstopdf)                    size: 14647 bytes
(epstopdf)             Output file: <Figure/ratio-Sigma0Lambda-7mar18-eps-conve
rted-to.pdf>
(epstopdf)                    date: 2018-03-11 04:42:20
(epstopdf)                    size: 12168 bytes
(epstopdf)             Command: <epstopdf --outfile=Figure/ratio-Sigma0Lambda-7
mar18-eps-converted-to.pdf Figure/ratio-Sigma0Lambda-7mar18.eps>
(epstopdf)             \includegraphics on input line 673.
Package epstopdf Info: Output file is already uptodate.

<Figure/ratio-Sigma0Lambda-7mar18-eps-converted-to.pdf, id=322, 569.12625pt x 5
52.0625pt>
File: Figure/ratio-Sigma0Lambda-7mar18-eps-converted-to.pdf Graphic file (type 
pdf)
 <use Figure/ratio-Sigma0Lambda-7mar18-eps-converted-to.pdf>
Package pdftex.def Info: Figure/ratio-Sigma0Lambda-7mar18-eps-converted-to.pdf 
used on input line 673.
(pdftex.def)             Requested size: 284.52756pt x 276.0053pt.
Package epstopdf Info: Source file: <Figure/2017nov1-Sigma0-LambdaRatio-WorldDa
ta.eps>
(epstopdf)                    date: 2017-11-17 19:30:41
(epstopdf)                    size: 11786 bytes
(epstopdf)             Output file: <Figure/2017nov1-Sigma0-LambdaRatio-WorldDa
ta-eps-converted-to.pdf>
(epstopdf)                    date: 2018-02-26 19:13:22
(epstopdf)                    size: 11197 bytes
(epstopdf)             Command: <epstopdf --outfile=Figure/2017nov1-Sigma0-Lamb
daRatio-WorldData-eps-converted-to.pdf Figure/2017nov1-Sigma0-LambdaRatio-World
Data.eps>
(epstopdf)             \includegraphics on input line 716.
Package epstopdf Info: Output file is already uptodate.

<Figure/2017nov1-Sigma0-LambdaRatio-WorldData-eps-converted-to.pdf, id=342, 569
.12625pt x 363.3575pt>
File: Figure/2017nov1-Sigma0-LambdaRatio-WorldData-eps-converted-to.pdf Graphic
 file (type pdf)

<use Figure/2017nov1-Sigma0-LambdaRatio-WorldData-eps-converted-to.pdf>
Package pdftex.def Info: Figure/2017nov1-Sigma0-LambdaRatio-WorldData-eps-conve
rted-to.pdf used on input line 716.
(pdftex.def)             Requested size: 426.79134pt x 272.49527pt.


LaTeX Warning: `!h' float specifier changed to `!ht'.

[10 <./Figure/ratio-Sigma0Lambda-7mar18-eps-converted-to.pdf>]
Overfull \hbox (4.36035pt too wide) in paragraph at lines 734--740
[]\OT1/ptm/m/n/10.95 The in-te-grated yield ra-tio mea-sured in pp col-li-sions
 at $[] \OT1/ztmcm/m/n/10.95 = 7$ \OT1/ptm/m/n/10.95 TeV is ($\OT1/ztmcm/m/n/10
.95 ^^F[] $\OT1/ptm/m/n/10.95 +$[] $)/2$\OT1/ztmcm/m/n/10.95 ^^C $\OT1/ptm/m/n/
10.95 = $\OT1/ztmcm/m/n/10.95 0\OML/ztmcm/m/it/10.95 :\OT1/ztmcm/m/n/10.95 337 
\OMS/ztmcm/m/n/10.95 ^^F \OT1/ztmcm/m/n/10.95 0\OML/ztmcm/m/it/10.95 :\OT1/ztmc
m/m/n/10.95 111([]) =
 []

[11 <./Figure/2017nov1-Sigma0-LambdaRatio-WorldData-eps-converted-to.pdf>]
(./diff_v1_v2.bbl
Missing character: There is no ¡ in font ptmr7t!
Missing character: There is no © in font ptmr7t!
 [12] [13]) [14]

Package natbib Warning: There were undefined citations.

Package atveryend Info: Empty hook `BeforeClearDocument' on input line 752.
[15]
Package atveryend Info: Empty hook `AfterLastShipout' on input line 752.
 (./diff_v1_v2.aux)
Package atveryend Info: Executing hook `AtVeryEndDocument' on input line 752.
Package atveryend Info: Executing hook `AtEndAfterFileList' on input line 752.
Package rerunfilecheck Info: File `diff_v1_v2.out' has not changed.
(rerunfilecheck)             Checksum: 93D5E693132466DAD13B6B31C662F391;687.


LaTeX Warning: There were undefined references.

Package atveryend Info: Empty hook `AtVeryVeryEnd' on input line 752.
 ) 
Here is how much of TeX's memory you used:
 8020 strings out of 493014
 113918 string characters out of 6133352
 237205 words of memory out of 5000000
 11291 multiletter control sequences out of 15000+600000
 66473 words of font info for 152 fonts, out of 8000000 for 9000
 1141 hyphenation exceptions out of 8191
 34i,17n,45p,1155b,594s stack positions out of 5000i,500n,10000p,200000b,80000s
pdfTeX warning (dest): name{Hfootnote.1} has been referenced but does not exi
st, replaced by a fixed one

{/usr/local/texlive/2016/texmf-dist/fonts/enc/dvips/base/8r.enc}</usr/local/tex
live/2016/texmf-dist/fonts/type1/public/amsfonts/cm/cmex10.pfb></usr/local/texl
ive/2016/texmf-dist/fonts/type1/public/amsfonts/cm/cmmi10.pfb></usr/local/texli
ve/2016/texmf-dist/fonts/type1/public/amsfonts/cm/cmr10.pfb></usr/local/texlive
/2016/texmf-dist/fonts/type1/public/amsfonts/cm/cmss8.pfb></usr/local/texlive/2
016/texmf-dist/fonts/type1/public/amsfonts/cm/cmsy10.pfb></usr/local/texlive/20
16/texmf-dist/fonts/type1/public/amsfonts/cm/cmsy7.pfb></usr/local/texlive/2016
/texmf-dist/fonts/type1/public/amsfonts/cm/cmsy8.pfb></usr/local/texlive/2016/t
exmf-dist/fonts/type1/public/amsfonts/cm/cmtt10.pfb></usr/local/texlive/2016/te
xmf-dist/fonts/type1/public/amsfonts/latxfont/lasy6.pfb></usr/local/texlive/201
6/texmf-dist/fonts/type1/urw/symbol/usyr.pfb></usr/local/texlive/2016/texmf-dis
t/fonts/type1/urw/symbol/usyr.pfb></usr/local/texlive/2016/texmf-dist/fonts/typ
e1/urw/times/utmb8a.pfb></usr/local/texlive/2016/texmf-dist/fonts/type1/urw/tim
es/utmr8a.pfb></usr/local/texlive/2016/texmf-dist/fonts/type1/urw/times/utmri8a
.pfb>
Output written on diff_v1_v2.pdf (15 pages, 272953 bytes).
PDF statistics:
 546 PDF objects out of 1000 (max. 8388607)
 477 compressed objects within 5 object streams
 76 named destinations out of 1000 (max. 500000)
 129 words of extra memory for PDF output out of 10000 (max. 10000000)

